<?xml version="1.0" encoding="UTF-8"?>
<testng-results ignored="0" total="9" passed="9" failed="0" skipped="0">
  <reporter-output>
    <line>
      <![CDATA[system shown loginpage]]>
    </line>
    <line>
      <![CDATA[system shown dashboard]]>
    </line>
    <line>
      <![CDATA[Employee Added Successfully]]>
    </line>
    <line>
      <![CDATA[system shown loginpage]]>
    </line>
    <line>
      <![CDATA[system shown dashboard]]>
    </line>
    <line>
      <![CDATA[Employee Added Successfully]]>
    </line>
    <line>
      <![CDATA[system shown loginpage]]>
    </line>
    <line>
      <![CDATA[system shown dashboard]]>
    </line>
    <line>
      <![CDATA[Employee Added Successfully]]>
    </line>
    <line>
      <![CDATA[system shown loginpage]]>
    </line>
    <line>
      <![CDATA[system shown dashboard]]>
    </line>
    <line>
      <![CDATA[Employee Added Successfully]]>
    </line>
    <line>
      <![CDATA[system shown loginpage]]>
    </line>
    <line>
      <![CDATA[system shown dashboard]]>
    </line>
    <line>
      <![CDATA[Employee Added Successfully]]>
    </line>
    <line>
      <![CDATA[system shown loginpage]]>
    </line>
    <line>
      <![CDATA[system shown dashboard]]>
    </line>
    <line>
      <![CDATA[Employee Added Successfully]]>
    </line>
    <line>
      <![CDATA[system shown loginpage]]>
    </line>
    <line>
      <![CDATA[system shown dashboard]]>
    </line>
    <line>
      <![CDATA[Employee Added Successfully]]>
    </line>
    <line>
      <![CDATA[system shown loginpage]]>
    </line>
    <line>
      <![CDATA[system shown dashboard]]>
    </line>
    <line>
      <![CDATA[Employee Added Successfully]]>
    </line>
    <line>
      <![CDATA[system shown loginpage]]>
    </line>
    <line>
      <![CDATA[system shown dashboard]]>
    </line>
    <line>
      <![CDATA[Employee Added Successfully]]>
    </line>
  </reporter-output>
  <suite started-at="2024-05-29T18:47:43 IST" name="Default suite" finished-at="2024-05-29T18:49:17 IST" duration-ms="93743">
    <groups>
      <group name="cucumber">
        <method signature="AbstractTestNGCucumberTests.runScenario(io.cucumber.testng.PickleWrapper,io.cucumber.testng.FeatureWrapper)[pri:0, instance:testRunners.AddEmployeeTest@8f4ea7c]" name="runScenario" class="io.cucumber.testng.AbstractTestNGCucumberTests"/>
      </group> <!-- cucumber -->
    </groups>
    <test started-at="2024-05-29T18:47:43 IST" name="Default test" finished-at="2024-05-29T18:49:17 IST" duration-ms="93743">
      <class name="testRunners.AddEmployeeTest">
        <test-method is-config="true" signature="setUpClass(org.testng.ITestContext)[pri:0, instance:testRunners.AddEmployeeTest@8f4ea7c]" started-at="2024-05-29T18:47:43 IST" name="setUpClass" finished-at="2024-05-29T18:47:44 IST" duration-ms="731" status="PASS">
          <params>
            <param index="0">
              <value>
                <![CDATA[org.testng.TestRunner@2f0ccb34]]>
              </value>
            </param>
          </params>
          <reporter-output>
          </reporter-output>
        </test-method> <!-- setUpClass -->
        <test-method signature="runScenario(io.cucumber.testng.PickleWrapper,io.cucumber.testng.FeatureWrapper)[pri:0, instance:testRunners.AddEmployeeTest@8f4ea7c]" started-at="2024-05-29T18:47:44 IST" name="runScenario" description="Runs Cucumber Scenarios" data-provider="scenarios" finished-at="2024-05-29T18:47:55 IST" duration-ms="11719" status="PASS">
          <params>
            <param index="0">
              <value>
                <![CDATA[""]]>
              </value>
            </param>
            <param index="1">
              <value>
                <![CDATA["Unknown"]]>
              </value>
            </param>
          </params>
          <reporter-output>
            <line>
              <![CDATA[system shown loginpage]]>
            </line>
            <line>
              <![CDATA[system shown dashboard]]>
            </line>
            <line>
              <![CDATA[Employee Added Successfully]]>
            </line>
          </reporter-output>
        </test-method> <!-- runScenario -->
        <test-method signature="runScenario(io.cucumber.testng.PickleWrapper,io.cucumber.testng.FeatureWrapper)[pri:0, instance:testRunners.AddEmployeeTest@8f4ea7c]" started-at="2024-05-29T18:47:55 IST" name="runScenario" description="Runs Cucumber Scenarios" data-provider="scenarios" finished-at="2024-05-29T18:48:06 IST" duration-ms="10842" status="PASS">
          <params>
            <param index="0">
              <value>
                <![CDATA[""]]>
              </value>
            </param>
            <param index="1">
              <value>
                <![CDATA["Unknown"]]>
              </value>
            </param>
          </params>
          <reporter-output>
            <line>
              <![CDATA[system shown loginpage]]>
            </line>
            <line>
              <![CDATA[system shown dashboard]]>
            </line>
            <line>
              <![CDATA[Employee Added Successfully]]>
            </line>
          </reporter-output>
        </test-method> <!-- runScenario -->
        <test-method signature="runScenario(io.cucumber.testng.PickleWrapper,io.cucumber.testng.FeatureWrapper)[pri:0, instance:testRunners.AddEmployeeTest@8f4ea7c]" started-at="2024-05-29T18:48:06 IST" name="runScenario" description="Runs Cucumber Scenarios" data-provider="scenarios" finished-at="2024-05-29T18:48:16 IST" duration-ms="9814" status="PASS">
          <params>
            <param index="0">
              <value>
                <![CDATA[""]]>
              </value>
            </param>
            <param index="1">
              <value>
                <![CDATA["Unknown"]]>
              </value>
            </param>
          </params>
          <reporter-output>
            <line>
              <![CDATA[system shown loginpage]]>
            </line>
            <line>
              <![CDATA[system shown dashboard]]>
            </line>
            <line>
              <![CDATA[Employee Added Successfully]]>
            </line>
          </reporter-output>
        </test-method> <!-- runScenario -->
        <test-method signature="runScenario(io.cucumber.testng.PickleWrapper,io.cucumber.testng.FeatureWrapper)[pri:0, instance:testRunners.AddEmployeeTest@8f4ea7c]" started-at="2024-05-29T18:48:16 IST" name="runScenario" description="Runs Cucumber Scenarios" data-provider="scenarios" finished-at="2024-05-29T18:48:25 IST" duration-ms="9159" status="PASS">
          <params>
            <param index="0">
              <value>
                <![CDATA[""]]>
              </value>
            </param>
            <param index="1">
              <value>
                <![CDATA["Unknown"]]>
              </value>
            </param>
          </params>
          <reporter-output>
            <line>
              <![CDATA[system shown loginpage]]>
            </line>
            <line>
              <![CDATA[system shown dashboard]]>
            </line>
            <line>
              <![CDATA[Employee Added Successfully]]>
            </line>
          </reporter-output>
        </test-method> <!-- runScenario -->
        <test-method signature="runScenario(io.cucumber.testng.PickleWrapper,io.cucumber.testng.FeatureWrapper)[pri:0, instance:testRunners.AddEmployeeTest@8f4ea7c]" started-at="2024-05-29T18:48:25 IST" name="runScenario" description="Runs Cucumber Scenarios" data-provider="scenarios" finished-at="2024-05-29T18:48:35 IST" duration-ms="9524" status="PASS">
          <params>
            <param index="0">
              <value>
                <![CDATA[""]]>
              </value>
            </param>
            <param index="1">
              <value>
                <![CDATA["Unknown"]]>
              </value>
            </param>
          </params>
          <reporter-output>
            <line>
              <![CDATA[system shown loginpage]]>
            </line>
            <line>
              <![CDATA[system shown dashboard]]>
            </line>
            <line>
              <![CDATA[Employee Added Successfully]]>
            </line>
          </reporter-output>
        </test-method> <!-- runScenario -->
        <test-method signature="runScenario(io.cucumber.testng.PickleWrapper,io.cucumber.testng.FeatureWrapper)[pri:0, instance:testRunners.AddEmployeeTest@8f4ea7c]" started-at="2024-05-29T18:48:35 IST" name="runScenario" description="Runs Cucumber Scenarios" data-provider="scenarios" finished-at="2024-05-29T18:48:43 IST" duration-ms="8692" status="PASS">
          <params>
            <param index="0">
              <value>
                <![CDATA[""]]>
              </value>
            </param>
            <param index="1">
              <value>
                <![CDATA["Unknown"]]>
              </value>
            </param>
          </params>
          <reporter-output>
            <line>
              <![CDATA[system shown loginpage]]>
            </line>
            <line>
              <![CDATA[system shown dashboard]]>
            </line>
            <line>
              <![CDATA[Employee Added Successfully]]>
            </line>
          </reporter-output>
        </test-method> <!-- runScenario -->
        <test-method signature="runScenario(io.cucumber.testng.PickleWrapper,io.cucumber.testng.FeatureWrapper)[pri:0, instance:testRunners.AddEmployeeTest@8f4ea7c]" started-at="2024-05-29T18:48:43 IST" name="runScenario" description="Runs Cucumber Scenarios" data-provider="scenarios" finished-at="2024-05-29T18:48:53 IST" duration-ms="9432" status="PASS">
          <params>
            <param index="0">
              <value>
                <![CDATA[""]]>
              </value>
            </param>
            <param index="1">
              <value>
                <![CDATA["Unknown"]]>
              </value>
            </param>
          </params>
          <reporter-output>
            <line>
              <![CDATA[system shown loginpage]]>
            </line>
            <line>
              <![CDATA[system shown dashboard]]>
            </line>
            <line>
              <![CDATA[Employee Added Successfully]]>
            </line>
          </reporter-output>
        </test-method> <!-- runScenario -->
        <test-method signature="runScenario(io.cucumber.testng.PickleWrapper,io.cucumber.testng.FeatureWrapper)[pri:0, instance:testRunners.AddEmployeeTest@8f4ea7c]" started-at="2024-05-29T18:48:53 IST" name="runScenario" description="Runs Cucumber Scenarios" data-provider="scenarios" finished-at="2024-05-29T18:49:08 IST" duration-ms="14677" status="PASS">
          <params>
            <param index="0">
              <value>
                <![CDATA[""]]>
              </value>
            </param>
            <param index="1">
              <value>
                <![CDATA["Unknown"]]>
              </value>
            </param>
          </params>
          <reporter-output>
            <line>
              <![CDATA[system shown loginpage]]>
            </line>
            <line>
              <![CDATA[system shown dashboard]]>
            </line>
            <line>
              <![CDATA[Employee Added Successfully]]>
            </line>
          </reporter-output>
        </test-method> <!-- runScenario -->
        <test-method signature="runScenario(io.cucumber.testng.PickleWrapper,io.cucumber.testng.FeatureWrapper)[pri:0, instance:testRunners.AddEmployeeTest@8f4ea7c]" started-at="2024-05-29T18:49:08 IST" name="runScenario" description="Runs Cucumber Scenarios" data-provider="scenarios" finished-at="2024-05-29T18:49:17 IST" duration-ms="9075" status="PASS">
          <params>
            <param index="0">
              <value>
                <![CDATA[""]]>
              </value>
            </param>
            <param index="1">
              <value>
                <![CDATA["Unknown"]]>
              </value>
            </param>
          </params>
          <reporter-output>
            <line>
              <![CDATA[system shown loginpage]]>
            </line>
            <line>
              <![CDATA[system shown dashboard]]>
            </line>
            <line>
              <![CDATA[Employee Added Successfully]]>
            </line>
          </reporter-output>
        </test-method> <!-- runScenario -->
        <test-method is-config="true" signature="tearDownClass()[pri:0, instance:testRunners.AddEmployeeTest@8f4ea7c]" started-at="2024-05-29T18:49:17 IST" name="tearDownClass" finished-at="2024-05-29T18:49:17 IST" duration-ms="20" status="PASS">
          <reporter-output>
          </reporter-output>
        </test-method> <!-- tearDownClass -->
      </class> <!-- testRunners.AddEmployeeTest -->
    </test> <!-- Default test -->
  </suite> <!-- Default suite -->
</testng-results>
