<?xml version="1.0" encoding="UTF-8"?>
<testng-results ignored="0" total="6" passed="6" failed="0" skipped="0">
  <reporter-output>
    <line>
      <![CDATA[system shown loginpage]]>
    </line>
    <line>
      <![CDATA[system generated appropriate messege]]>
    </line>
    <line>
      <![CDATA[system shown loginpage]]>
    </line>
    <line>
      <![CDATA[system generated appropriate messege]]>
    </line>
    <line>
      <![CDATA[system shown loginpage]]>
    </line>
    <line>
      <![CDATA[system generated appropriate messege]]>
    </line>
    <line>
      <![CDATA[system shown loginpage]]>
    </line>
    <line>
      <![CDATA[system generated appropriate messege]]>
    </line>
    <line>
      <![CDATA[system shown loginpage]]>
    </line>
    <line>
      <![CDATA[system generated appropriate messege]]>
    </line>
    <line>
      <![CDATA[system shown loginpage]]>
    </line>
    <line>
      <![CDATA[system generated appropriate messege]]>
    </line>
  </reporter-output>
  <suite started-at="2024-05-29T18:15:06 IST" name="Default suite" finished-at="2024-05-29T18:15:25 IST" duration-ms="18807">
    <groups>
      <group name="cucumber">
        <method signature="AbstractTestNGCucumberTests.runScenario(io.cucumber.testng.PickleWrapper,io.cucumber.testng.FeatureWrapper)[pri:0, instance:testRunners.AdminLoginTest@8f4ea7c]" name="runScenario" class="io.cucumber.testng.AbstractTestNGCucumberTests"/>
      </group> <!-- cucumber -->
    </groups>
    <test started-at="2024-05-29T18:15:06 IST" name="Default test" finished-at="2024-05-29T18:15:25 IST" duration-ms="18807">
      <class name="testRunners.AdminLoginTest">
        <test-method is-config="true" signature="setUpClass(org.testng.ITestContext)[pri:0, instance:testRunners.AdminLoginTest@8f4ea7c]" started-at="2024-05-29T18:15:06 IST" name="setUpClass" finished-at="2024-05-29T18:15:07 IST" duration-ms="759" status="PASS">
          <params>
            <param index="0">
              <value>
                <![CDATA[org.testng.TestRunner@512575e9]]>
              </value>
            </param>
          </params>
          <reporter-output>
          </reporter-output>
        </test-method> <!-- setUpClass -->
        <test-method signature="runScenario(io.cucumber.testng.PickleWrapper,io.cucumber.testng.FeatureWrapper)[pri:0, instance:testRunners.AdminLoginTest@8f4ea7c]" started-at="2024-05-29T18:15:07 IST" name="runScenario" description="Runs Cucumber Scenarios" data-provider="scenarios" finished-at="2024-05-29T18:15:11 IST" duration-ms="4085" status="PASS">
          <params>
            <param index="0">
              <value>
                <![CDATA[""]]>
              </value>
            </param>
            <param index="1">
              <value>
                <![CDATA["Login Module"]]>
              </value>
            </param>
          </params>
          <reporter-output>
            <line>
              <![CDATA[system shown loginpage]]>
            </line>
            <line>
              <![CDATA[system generated appropriate messege]]>
            </line>
          </reporter-output>
        </test-method> <!-- runScenario -->
        <test-method signature="runScenario(io.cucumber.testng.PickleWrapper,io.cucumber.testng.FeatureWrapper)[pri:0, instance:testRunners.AdminLoginTest@8f4ea7c]" started-at="2024-05-29T18:15:11 IST" name="runScenario" description="Runs Cucumber Scenarios" data-provider="scenarios" finished-at="2024-05-29T18:15:13 IST" duration-ms="2592" status="PASS">
          <params>
            <param index="0">
              <value>
                <![CDATA[""]]>
              </value>
            </param>
            <param index="1">
              <value>
                <![CDATA["Login Module"]]>
              </value>
            </param>
          </params>
          <reporter-output>
            <line>
              <![CDATA[system shown loginpage]]>
            </line>
            <line>
              <![CDATA[system generated appropriate messege]]>
            </line>
          </reporter-output>
        </test-method> <!-- runScenario -->
        <test-method signature="runScenario(io.cucumber.testng.PickleWrapper,io.cucumber.testng.FeatureWrapper)[pri:0, instance:testRunners.AdminLoginTest@8f4ea7c]" started-at="2024-05-29T18:15:13 IST" name="runScenario" description="Runs Cucumber Scenarios" data-provider="scenarios" finished-at="2024-05-29T18:15:16 IST" duration-ms="2710" status="PASS">
          <params>
            <param index="0">
              <value>
                <![CDATA[""]]>
              </value>
            </param>
            <param index="1">
              <value>
                <![CDATA["Login Module"]]>
              </value>
            </param>
          </params>
          <reporter-output>
            <line>
              <![CDATA[system shown loginpage]]>
            </line>
            <line>
              <![CDATA[system generated appropriate messege]]>
            </line>
          </reporter-output>
        </test-method> <!-- runScenario -->
        <test-method signature="runScenario(io.cucumber.testng.PickleWrapper,io.cucumber.testng.FeatureWrapper)[pri:0, instance:testRunners.AdminLoginTest@8f4ea7c]" started-at="2024-05-29T18:15:16 IST" name="runScenario" description="Runs Cucumber Scenarios" data-provider="scenarios" finished-at="2024-05-29T18:15:19 IST" duration-ms="2869" status="PASS">
          <params>
            <param index="0">
              <value>
                <![CDATA[""]]>
              </value>
            </param>
            <param index="1">
              <value>
                <![CDATA["Login Module"]]>
              </value>
            </param>
          </params>
          <reporter-output>
            <line>
              <![CDATA[system shown loginpage]]>
            </line>
            <line>
              <![CDATA[system generated appropriate messege]]>
            </line>
          </reporter-output>
        </test-method> <!-- runScenario -->
        <test-method signature="runScenario(io.cucumber.testng.PickleWrapper,io.cucumber.testng.FeatureWrapper)[pri:0, instance:testRunners.AdminLoginTest@8f4ea7c]" started-at="2024-05-29T18:15:19 IST" name="runScenario" description="Runs Cucumber Scenarios" data-provider="scenarios" finished-at="2024-05-29T18:15:22 IST" duration-ms="3012" status="PASS">
          <params>
            <param index="0">
              <value>
                <![CDATA[""]]>
              </value>
            </param>
            <param index="1">
              <value>
                <![CDATA["Login Module"]]>
              </value>
            </param>
          </params>
          <reporter-output>
            <line>
              <![CDATA[system shown loginpage]]>
            </line>
            <line>
              <![CDATA[system generated appropriate messege]]>
            </line>
          </reporter-output>
        </test-method> <!-- runScenario -->
        <test-method signature="runScenario(io.cucumber.testng.PickleWrapper,io.cucumber.testng.FeatureWrapper)[pri:0, instance:testRunners.AdminLoginTest@8f4ea7c]" started-at="2024-05-29T18:15:22 IST" name="runScenario" description="Runs Cucumber Scenarios" data-provider="scenarios" finished-at="2024-05-29T18:15:25 IST" duration-ms="2709" status="PASS">
          <params>
            <param index="0">
              <value>
                <![CDATA[""]]>
              </value>
            </param>
            <param index="1">
              <value>
                <![CDATA["Login Module"]]>
              </value>
            </param>
          </params>
          <reporter-output>
            <line>
              <![CDATA[system shown loginpage]]>
            </line>
            <line>
              <![CDATA[system generated appropriate messege]]>
            </line>
          </reporter-output>
        </test-method> <!-- runScenario -->
        <test-method is-config="true" signature="tearDownClass()[pri:0, instance:testRunners.AdminLoginTest@8f4ea7c]" started-at="2024-05-29T18:15:25 IST" name="tearDownClass" finished-at="2024-05-29T18:15:25 IST" duration-ms="19" status="PASS">
          <reporter-output>
          </reporter-output>
        </test-method> <!-- tearDownClass -->
      </class> <!-- testRunners.AdminLoginTest -->
    </test> <!-- Default test -->
  </suite> <!-- Default suite -->
</testng-results>
